<?xml version="1.0" encoding="UTF-8"?>
<!-- Generated by org.testng.reporters.JUnitReportReporter -->
<testsuite skipped="0" hostname="LAPTOP-0T08PU4H" name="testngpack.FirstTestngClass" tests="5" failures="0" timestamp="2022-08-23T23:06:39 IST" time="0.007" errors="1">
  <testcase name="method2" time="0.002" classname="testngpack.FirstTestngClass"/>
  <system-out>
    <![CDATA[method 2]]>
  </system-out>
  <testcase name="method5" time="0.001" classname="testngpack.FirstTestngClass"/>
  <system-out>
    <![CDATA[method 5]]>
  </system-out>
  <testcase name="method3" time="0.001" classname="testngpack.FirstTestngClass">
    <error type="java.lang.ArithmeticException" message="/ by zero">
      <![CDATA[java.lang.ArithmeticException: / by zero
at testngpack.FirstTestngClass.method3(FirstTestngClass.java:24)
at sun.reflect.NativeMethodAccessorImpl.invoke0(Native Method)
at sun.reflect.NativeMethodAccessorImpl.invoke(Unknown Source)
at sun.reflect.DelegatingMethodAccessorImpl.invoke(Unknown Source)
at java.lang.reflect.Method.invoke(Unknown Source)
at org.testng.internal.MethodInvocationHelper.invokeMethod(MethodInvocationHelper.java:133)
at org.testng.internal.TestInvoker.invokeMethod(TestInvoker.java:598)
at org.testng.internal.TestInvoker.invokeTestMethod(TestInvoker.java:173)
at org.testng.internal.MethodRunner.runInSequence(MethodRunner.java:46)
at org.testng.internal.TestInvoker$MethodInvocationAgent.invoke(TestInvoker.java:824)
at org.testng.internal.TestInvoker.invokeTestMethods(TestInvoker.java:146)
at org.testng.internal.TestMethodWorker.invokeTestMethods(TestMethodWorker.java:146)
at org.testng.internal.TestMethodWorker.run(TestMethodWorker.java:128)
at java.util.concurrent.ThreadPoolExecutor.runWorker(Unknown Source)
at java.util.concurrent.ThreadPoolExecutor$Worker.run(Unknown Source)
at java.lang.Thread.run(Unknown Source)
]]>
    </error>
  </testcase> <!-- method3 -->
  <system-out/>
  <testcase name="method4" time="0.001" classname="testngpack.FirstTestngClass"/>
  <system-out>
    <![CDATA[method 4]]>
  </system-out>
  <testcase name="method1" time="0.002" classname="testngpack.FirstTestngClass"/>
  <system-out>
    <![CDATA[method 1]]>
  </system-out>
</testsuite> <!-- testngpack.FirstTestngClass -->
