<?xml version="1.0" encoding="UTF-8"?>
<!-- Generated by org.testng.reporters.JUnitReportReporter -->
<testsuite skipped="0" hostname="LAPTOP-0T08PU4H" name="testngpack.Remo" tests="1" failures="0" timestamp="2022-08-23T23:06:39 IST" time="0.001" errors="0">
  <testcase name="remoMethod" time="0.001" classname="testngpack.Remo"/>
  <system-out>
    <![CDATA[remo Method]]>
  </system-out>
</testsuite> <!-- testngpack.Remo -->
