<?xml version="1.0" encoding="UTF-8"?>
<!-- Generated by org.testng.reporters.JUnitReportReporter -->
<testsuite skipped="0" hostname="LAPTOP-0T08PU4H" name="testngpack.Class1" tests="1" failures="0" timestamp="2022-08-25T23:23:22 IST" time="29.070" errors="0">
  <testcase name="OpenChrome" time="29.070" classname="testngpack.Class1"/>
  <system-out/>
</testsuite> <!-- testngpack.Class1 -->
