<?xml version="1.0" encoding="UTF-8"?>
<!-- Generated by org.testng.reporters.JUnitReportReporter -->
<testsuite skipped="0" hostname="LAPTOP-0T08PU4H" name="testngpack.Annotations" tests="2" failures="0" timestamp="2022-08-23T23:06:39 IST" time="0.009" errors="0">
  <testcase name="g" time="0.004" classname="testngpack.Annotations"/>
  <system-out>
    <![CDATA[G Test]]>
  </system-out>
  <testcase name="f" time="0.005" classname="testngpack.Annotations"/>
  <system-out>
    <![CDATA[Test]]>
  </system-out>
</testsuite> <!-- testngpack.Annotations -->
