<?xml version="1.0" encoding="UTF-8"?>
<!-- Generated by org.testng.reporters.JUnitReportReporter -->
<testsuite skipped="0" hostname="LAPTOP-0T08PU4H" name="testngpack.Sumo" tests="1" failures="0" timestamp="2022-08-23T23:06:39 IST" time="0.003" errors="0">
  <testcase name="sumoMethod" time="0.003" classname="testngpack.Sumo"/>
  <system-out>
    <![CDATA[sumo Method]]>
  </system-out>
</testsuite> <!-- testngpack.Sumo -->
