<?xml version="1.0" encoding="UTF-8"?>
<!-- Generated by org.testng.reporters.JUnitReportReporter -->
<testsuite skipped="0" hostname="LAPTOP-0T08PU4H" name="testngpack.ActiTimeAssertion" tests="1" failures="0" timestamp="2022-08-25T23:21:28 IST" time="9.852" errors="0">
  <testcase name="ActitimeTest" time="9.852" classname="testngpack.ActiTimeAssertion"/>
  <system-out>
    <![CDATA[login page title is verified
username text box is displayed
pasword text box is displayed
login button  is displayed
Home page title is verified
create user
create reports]]>
  </system-out>
</testsuite> <!-- testngpack.ActiTimeAssertion -->
