<?xml version="1.0" encoding="UTF-8"?>
<!-- Generated by org.testng.reporters.JUnitReportReporter -->
<testsuite skipped="0" hostname="LAPTOP-0T08PU4H" name="testngpack.Class4" tests="1" failures="0" timestamp="2022-08-25T23:23:22 IST" time="27.532" errors="0">
  <testcase name="f" time="27.532" classname="testngpack.Class4"/>
  <system-out/>
</testsuite> <!-- testngpack.Class4 -->
